2018-Sep-03 18:33:50,356 [main] CDM_Automation.Build_hql.CreateHQL 
  INFO  Creating a DDL file
2018-Sep-03 18:33:50,357 [main] CDM_Automation.Build_hql.CreateHQL 
  INFO  file 'paypal_account_ddl.hql' created successfully
2018-Sep-03 18:33:50,359 [main] CDM_Automation.Build_hql.CreateHQL 
  INFO  Reading Excel: src/Input/Paypal_L1_Data_Mappings_SOR_to_CDM_V05_v3.xlsx
2018-Sep-03 18:33:52,220 [main] CDM_Automation.Build_hql.CreateHQL 
  INFO  Leaving getEntireColumn for L1 Column Name
2018-Sep-03 18:33:52,221 [main] CDM_Automation.Build_hql.CreateHQL 
  INFO  Reading Excel: src/Input/Paypal_L1_Data_Mappings_SOR_to_CDM_V05_v3.xlsx
2018-Sep-03 18:33:53,321 [main] CDM_Automation.Build_hql.CreateHQL 
  INFO  Leaving getEntireColumn for L1 Data Type
2018-Sep-03 18:33:53,336 [main] CDM_Automation.Build_hql.CreateHQL 
  INFO  File paypal_account_ddl.hql created successfully
2018-Sep-03 18:33:53,337 [main] CDM_Automation.Build_hql.CreateHQL 
  INFO  Creating a DDL file
2018-Sep-03 18:33:53,337 [main] CDM_Automation.Build_hql.CreateHQL 
  INFO  file 'paypal_account_hist.hql' created successfully
2018-Sep-03 18:33:53,339 [main] CDM_Automation.Build_hql.CreateHQL 
  INFO  File paypal_account_hist.hql created successfully
