2018-Sep-19 16:31:00 [main] CDM_Automation.Build_hql.CreateHQL 
  INFO  Reading sheet: account
2018-Sep-19 16:31:00 [main] CDM_Automation.Build_hql.CreateHQL 
  INFO  Leaving getEntireColumn for Data Lake Table Name
2018-Sep-19 16:31:00 [main] CDM_Automation.Build_hql.CreateHQL 
  INFO  Entering getEntireColumn for column: Data Lake Column Name
2018-Sep-19 16:31:00 [main] CDM_Automation.Build_hql.CreateHQL 
  INFO  Reading Excel: src/Input/Paypal_L1_Data_Mappings_SOR_to_CDM_V05_v4.xlsx
2018-Sep-19 16:31:01 [main] CDM_Automation.Build_hql.CreateHQL 
  INFO  Reading sheet: account
2018-Sep-19 16:31:01 [main] CDM_Automation.Build_hql.CreateHQL 
  INFO  Leaving getEntireColumn for Data Lake Column Name
2018-Sep-19 16:31:01 [main] CDM_Automation.Build_hql.CreateHist 
  INFO  Reading Excel: src/Input/Paypal_L1_Data_Mappings_SOR_to_CDM_V05_v4.xlsx
2018-Sep-19 16:31:02 [main] CDM_Automation.Build_hql.CreateHist 
  INFO  Reading sheet: Source Table Information
2018-Sep-19 16:31:02 [main] CDM_Automation.Build_hql.CreateHist 
  INFO  File paypal_account_hist.hql created successfully
2018-Sep-19 16:31:02 [main] CDM_Automation.Build_hql.CreateHist 
  INFO  Reading Excel: src/Input/Paypal_L1_Data_Mappings_SOR_to_CDM_V05_v4.xlsx
2018-Sep-19 16:31:02 [main] CDM_Automation.Build_hql.CreateHist 
  INFO  Reading sheet: Source Table Information
