2018-Sep-03 18:30:47,160 [main] CDM_Automation.Build_hql.CreateHQL 
  INFO  Creating a DDL file
2018-Sep-03 18:30:47,163 [main] CDM_Automation.Build_hql.CreateHQL 
  INFO  file 'paypal_account_ddl.hql' created successfully
2018-Sep-03 18:30:47,165 [main] CDM_Automation.Build_hql.CreateHQL 
  INFO  Reading Excel: src/Input/Paypal_L1_Data_Mappings_SOR_to_CDM_V05_v3.xlsx
2018-Sep-03 18:30:49,116 [main] CDM_Automation.Build_hql.CreateHQL 
  INFO  Leaving getEntireColumn for L1 Column Name
2018-Sep-03 18:30:49,118 [main] CDM_Automation.Build_hql.CreateHQL 
  INFO  Reading Excel: src/Input/Paypal_L1_Data_Mappings_SOR_to_CDM_V05_v3.xlsx
2018-Sep-03 18:30:50,283 [main] CDM_Automation.Build_hql.CreateHQL 
  INFO  Leaving getEntireColumn for L1 Data Type
2018-Sep-03 18:30:50,286 [main] CDM_Automation.Build_hql.CreateHQL 
  INFO  File paypal_account_ddl.hql created successfully
2018-Sep-03 18:30:50,287 [main] CDM_Automation.Build_hql.CreateHQL 
  INFO  Creating a DDL file
2018-Sep-03 18:30:50,287 [main] CDM_Automation.Build_hql.CreateHQL 
  INFO  file 'paypal_account_hist.hql' created successfully
2018-Sep-03 18:30:50,288 [main] CDM_Automation.Build_hql.CreateHQL 
  INFO  File paypal_account_hist.hql created successfully
