2018-Sep-03 18:32:52,531 [main] CDM_Automation.Build_hql.CreateHQL 
  INFO  Creating a DDL file
2018-Sep-03 18:32:52,534 [main] CDM_Automation.Build_hql.CreateHQL 
  INFO  file 'paypal_account_ddl.hql' created successfully
2018-Sep-03 18:32:52,536 [main] CDM_Automation.Build_hql.CreateHQL 
  INFO  Reading Excel: src/Input/Paypal_L1_Data_Mappings_SOR_to_CDM_V05_v3.xlsx
2018-Sep-03 18:32:54,514 [main] CDM_Automation.Build_hql.CreateHQL 
  INFO  Leaving getEntireColumn for L1 Column Name
2018-Sep-03 18:32:54,514 [main] CDM_Automation.Build_hql.CreateHQL 
  INFO  Reading Excel: src/Input/Paypal_L1_Data_Mappings_SOR_to_CDM_V05_v3.xlsx
2018-Sep-03 18:32:55,648 [main] CDM_Automation.Build_hql.CreateHQL 
  INFO  Leaving getEntireColumn for L1 Data Type
2018-Sep-03 18:32:55,651 [main] CDM_Automation.Build_hql.CreateHQL 
  INFO  File paypal_account_ddl.hql created successfully
2018-Sep-03 18:32:55,651 [main] CDM_Automation.Build_hql.CreateHQL 
  INFO  Creating a DDL file
2018-Sep-03 18:32:55,651 [main] CDM_Automation.Build_hql.CreateHQL 
  INFO  file 'paypal_account_hist.hql' created successfully
2018-Sep-03 18:32:55,653 [main] CDM_Automation.Build_hql.CreateHQL 
  INFO  File paypal_account_hist.hql created successfully
