2018-Sep-03 18:30:31,671 [main] CDM_Automation.Build_hql.CreateHQL 
  INFO  Creating a DDL file
2018-Sep-03 18:30:31,673 [main] CDM_Automation.Build_hql.CreateHQL 
  INFO  file 'paypal_account_ddl.hql' created successfully
2018-Sep-03 18:30:31,675 [main] CDM_Automation.Build_hql.CreateHQL 
  INFO  Reading Excel: src/Input/Paypal_L1_Data_Mappings_SOR_to_CDM_V05_v3.xlsx
2018-Sep-03 18:30:33,641 [main] CDM_Automation.Build_hql.CreateHQL 
  INFO  Leaving getEntireColumn for L1 Column Name
2018-Sep-03 18:30:33,641 [main] CDM_Automation.Build_hql.CreateHQL 
  INFO  Reading Excel: src/Input/Paypal_L1_Data_Mappings_SOR_to_CDM_V05_v3.xlsx
2018-Sep-03 18:30:34,760 [main] CDM_Automation.Build_hql.CreateHQL 
  INFO  Leaving getEntireColumn for L1 Data Type
2018-Sep-03 18:30:34,763 [main] CDM_Automation.Build_hql.CreateHQL 
  INFO  File paypal_account_ddl.hql created successfully
2018-Sep-03 18:30:34,763 [main] CDM_Automation.Build_hql.CreateHQL 
  INFO  Creating a DDL file
2018-Sep-03 18:30:34,763 [main] CDM_Automation.Build_hql.CreateHQL 
  INFO  file 'paypal_account_hist.hql' created successfully
2018-Sep-03 18:30:34,765 [main] CDM_Automation.Build_hql.CreateHQL 
  INFO  File paypal_account_hist.hql created successfully
